<?xml version="1.0" encoding="UTF-8"?>
<!-- Generated by org.testng.reporters.JUnitReportReporter -->
<testsuite hostname="LAPTOP-TLS3V1C2" failures="0" tests="1" name="com.fsp.Log" time="23.775" errors="0" timestamp="24 feb. 2022 00:16:39 GMT" skipped="0">
  <testcase classname="com.fsp.Log" name="Login" time="23.775"/>
</testsuite> <!-- com.fsp.Log -->
