<?xml version="1.0" encoding="UTF-8"?>
<!-- Generated by org.testng.reporters.JUnitReportReporter -->
<testsuite hostname="LAPTOP-TLS3V1C2" failures="0" tests="1" name="orangePOM.LoginTest" time="3.052" errors="0" timestamp="09 mar. 2022 06:39:25 GMT" skipped="0">
  <testcase classname="orangePOM.LoginTest" name="TC007_Validate_Invalid_Password" time="3.052"/>
</testsuite> <!-- orangePOM.LoginTest -->
