<?xml version="1.0" encoding="UTF-8"?>
<!-- Generated by org.testng.reporters.JUnitReportReporter -->
<testsuite hostname="LAPTOP-TLS3V1C2" failures="0" tests="1" name="com.orange.qa.Naranja" time="7.808" errors="0" timestamp="09 mar. 2022 06:23:14 GMT" skipped="0">
  <testcase classname="com.orange.qa.Naranja" name="TC006_Validate_User_Admin" time="7.808"/>
</testsuite> <!-- com.orange.qa.Naranja -->
