<?xml version="1.0" encoding="UTF-8"?>
<!-- Generated by org.testng.reporters.JUnitReportReporter -->
<testsuite hostname="LAPTOP-TLS3V1C2" failures="0" tests="1" name="com.google.FirstTest" time="4.831" errors="0" timestamp="12 feb. 2022 18:28:49 GMT" skipped="0">
  <testcase classname="com.google.FirstTest" name="googleTest" time="4.831"/>
</testsuite> <!-- com.google.FirstTest -->
