<?xml version="1.0" encoding="UTF-8"?>
<!-- Generated by org.testng.reporters.JUnitReportReporter -->
<testsuite hostname="LAPTOP-TLS3V1C2" failures="0" tests="1" name="TareaBasicaSele.Eje1" time="3.231" errors="0" timestamp="01 mar. 2022 07:50:32 GMT" skipped="0">
  <testcase classname="TareaBasicaSele.Eje1" name="validaFacebook" time="3.231"/>
</testsuite> <!-- TareaBasicaSele.Eje1 -->
