<?xml version="1.0" encoding="UTF-8"?>
<!-- Generated by org.testng.reporters.JUnitReportReporter -->
<testsuite hostname="LAPTOP-TLS3V1C2" failures="0" tests="1" name="com.orange.qa.Admin" time="10.800" errors="0" timestamp="05 mar. 2022 14:31:53 GMT" skipped="0">
  <testcase classname="com.orange.qa.Admin" name="tc001AdminSearchEmployee" time="10.800"/>
</testsuite> <!-- com.orange.qa.Admin -->
