<?xml version="1.0" encoding="UTF-8"?>
<!-- Generated by org.testng.reporters.JUnitReportReporter -->
<testsuite hostname="LAPTOP-TLS3V1C2" failures="0" tests="1" name="com.fsp.Log" time="10.207" errors="0" timestamp="19 feb. 2022 20:09:31 GMT" skipped="0">
  <testcase classname="com.fsp.Log" name="Login" time="10.207"/>
</testsuite> <!-- com.fsp.Log -->
