<?xml version="1.0" encoding="UTF-8"?>
<!-- Generated by org.testng.reporters.JUnitReportReporter -->
<testsuite hostname="LAPTOP-TLS3V1C2" failures="0" tests="2" name="com.orange.qa.Naranja" time="16.354" errors="0" timestamp="02 mar. 2022 03:20:13 GMT" skipped="0">
  <testcase classname="com.orange.qa.Naranja" name="TC002_Admin_SearchEmployee_NotExist" time="7.638"/>
  <testcase classname="com.orange.qa.Naranja" name="TC001_Admin_SearchEmployee" time="8.716"/>
</testsuite> <!-- com.orange.qa.Naranja -->
