<?xml version="1.0" encoding="UTF-8"?>
<!-- Generated by org.testng.reporters.JUnitReportReporter -->
<testsuite hostname="LAPTOP-TLS3V1C2" failures="0" tests="1" name="com.orange.qa.Naranja" time="5.286" errors="0" timestamp="05 mar. 2022 05:12:18 GMT" skipped="0">
  <testcase classname="com.orange.qa.Naranja" name="TC007_Validate_Invalid_Password" time="5.286"/>
</testsuite> <!-- com.orange.qa.Naranja -->
